[0m#OK:   1 TICKER LOADED.[0m
[0m#OK:   5 VARIABLES LOADED.[0m

                               Welcome to
     ___
    (___)     @@@@@ @@@@@@@@@   @@@@@@@@ @@@@@@@@@@@ @@@@@@@ @@@@@@@@
     ==_     @@@@@@ @@@   @@@@ @@@@  @@@@    @@@       @@@  @@@@  @@@@
     =/.\   @@@@@@@ @@@    @@@ @@@    @@@    @@@       @@@  @@@    @@@
     //-"  @@@@ @@@ @@@   @@@@ @@@           @@@       @@@  @@@
 /--//==---\@@  @@@ @@@@@@@@@  @@@           @@@       @@@  @@@
    \\ | @@@@   @@@ @@@ @@@@   @@@    @@@    @@@       @@@  @@@    @@@
     \\|@@@@@@@@@@@ @@@  @@@@  @@@@  @@@@    @@@       @@@  @@@@  @@@@
     |\\@@@     @@@ @@@   @@@@  @@@@@@@@     @@@     @@@@@@@ @@@@@@@@
     | \\
     | |/ O==========================================================O
     | |  | Based on DikuMUD I by Michael Seifert, Sebastian Hammer, |
    /| |  |   Hans Henrik Staerfeldt, Katja Nyboe, and Tom Madsen.   |
    \\ |  |                                                          |
     \\|  |        Mail may be directed to gods@mud.arctic.org       |
     |\\  |                                                          |
     | \\ |        ** Dont forget to visit our web page! **          |
     | |/ |                 http://mud.arctic.org                    |
     \ |  O==========================================================O
      \|

Type 'start' to create a new character.
